
/home/runner/work/exp-Image-restoration-iitg/exp-Image-restoration-iitg/experiment/simulation/js/main.js
   27:16  warning  'cv' is not defined  no-undef
   28:3   warning  'cv' is not defined  no-undef
   28:26  warning  'cv' is not defined  no-undef
   29:3   warning  'cv' is not defined  no-undef
   51:10  warning  'cv' is not defined  no-undef
   52:18  warning  'cv' is not defined  no-undef
   53:1   warning  'cv' is not defined  no-undef
   53:31  warning  'cv' is not defined  no-undef
   66:15  warning  'cv' is not defined  no-undef
   99:18  warning  'cv' is not defined  no-undef
  101:35  warning  'cv' is not defined  no-undef
  101:74  warning  'cv' is not defined  no-undef
  102:33  warning  'cv' is not defined  no-undef
  103:36  warning  'cv' is not defined  no-undef
  104:30  warning  'cv' is not defined  no-undef
  115:14  warning  'cv' is not defined  no-undef
  116:1   warning  'cv' is not defined  no-undef
  117:21  warning  'cv' is not defined  no-undef
  118:1   warning  'cv' is not defined  no-undef
  120:9   warning  'cv' is not defined  no-undef
  132:11  warning  'cv' is not defined  no-undef
  133:11  warning  'cv' is not defined  no-undef

✖ 22 problems (0 errors, 22 warnings)

